# JRE version: OpenJDK Runtime Environment (23.0.1+11) (build 23.0.1+11-39)
# Java VM: OpenJDK 64-Bit Server VM (23.0.1+11-39, mixed mode, emulated-client, sharing, tiered, compressed oops, compressed class ptrs, g1 gc, linux-amd64)
GC Precious Log:
 CardTable entry size: 512
 Card Set container configuration: InlinePtr #cards 5 size 8 Array Of Cards #cards 10 size 36 Howl #buckets 4 coarsen threshold 1843 Howl Bitmap #cards 512 size 80 coarsen threshold 460 Card regions per heap region 1 cards per card region 2048
 CPUs: 8 total, 8 available
 Memory: 7849M
 Large Page Support: Disabled
 NUMA Support: Disabled
 Compressed Oops: Enabled (32-bit)
 Heap Region Size: 1M
 Heap Min Capacity: 8M
 Heap Initial Capacity: 124M
 Heap Max Capacity: 1964M
 Pre-touch: Disabled
 Parallel Workers: 8
 Concurrent Workers: 2
 Concurrent Refinement Workers: 8
 Periodic GC: Disabled
Heap:
 garbage-first heap   total reserved 2011136K, committed 61440K, used 32103K [0x0000000085400000, 0x0000000100000000)
  region size 1024K, 4 young (4096K), 3 survivors (3072K)
 Metaspace       used 67398K, committed 68160K, reserved 1114112K
  class space    used 9822K, committed 10176K, reserved 1048576K
GC Heap History (20 events):
Event: 4.831 GC heap before
{Heap before GC invocations=13 (full 0):
 garbage-first heap   total reserved 2011136K, committed 51200K, used 45311K [0x0000000085400000, 0x0000000100000000)
  region size 1024K, 20 young (20480K), 2 survivors (2048K)
 Metaspace       used 60138K, committed 60800K, reserved 1114112K
  class space    used 8726K, committed 9024K, reserved 1048576K
}
Event: 4.833 GC heap after
{Heap after GC invocations=14 (full 0):
 garbage-first heap   total reserved 2011136K, committed 61440K, used 27574K [0x0000000085400000, 0x0000000100000000)
  region size 1024K, 2 young (2048K), 2 survivors (2048K)
 Metaspace       used 60138K, committed 60800K, reserved 1114112K
  class space    used 8726K, committed 9024K, reserved 1048576K
}
Event: 5.295 GC heap before
{Heap before GC invocations=15 (full 0):
 garbage-first heap   total reserved 2011136K, committed 61440K, used 54198K [0x0000000085400000, 0x0000000100000000)
  region size 1024K, 28 young (28672K), 2 survivors (2048K)
 Metaspace       used 64383K, committed 65088K, reserved 1114112K
  class space    used 9371K, committed 9664K, reserved 1048576K
}
Event: 5.299 GC heap after
{Heap after GC invocations=16 (full 0):
 garbage-first heap   total reserved 2011136K, committed 61440K, used 30117K [0x0000000085400000, 0x0000000100000000)
  region size 1024K, 4 young (4096K), 4 survivors (4096K)
 Metaspace       used 64383K, committed 65088K, reserved 1114112K
  class space    used 9371K, committed 9664K, reserved 1048576K
}
Event: 5.717 GC heap before
{Heap before GC invocations=16 (full 0):
 garbage-first heap   total reserved 2011136K, committed 61440K, used 53669K [0x0000000085400000, 0x0000000100000000)
  region size 1024K, 27 young (27648K), 4 survivors (4096K)
 Metaspace       used 66895K, committed 67584K, reserved 1114112K
  class space    used 9749K, committed 10048K, reserved 1048576K
}
Event: 5.740 GC heap after
{Heap after GC invocations=17 (full 0):
 garbage-first heap   total reserved 2011136K, committed 61440K, used 32270K [0x0000000085400000, 0x0000000100000000)
  region size 1024K, 3 young (3072K), 3 survivors (3072K)
 Metaspace       used 66895K, committed 67584K, reserved 1114112K
  class space    used 9749K, committed 10048K, reserved 1048576K
}
Event: 23.411 GC heap before
{Heap before GC invocations=17 (full 0):
 garbage-first heap   total reserved 2011136K, committed 61440K, used 35342K [0x0000000085400000, 0x0000000100000000)
  region size 1024K, 7 young (7168K), 3 survivors (3072K)
 Metaspace       used 67065K, committed 67776K, reserved 1114112K
  class space    used 9787K, committed 10112K, reserved 1048576K
}
Event: 23.453 GC heap after
{Heap after GC invocations=18 (full 1):
 garbage-first heap   total reserved 2011136K, committed 61440K, used 26253K [0x0000000085400000, 0x0000000100000000)
  region size 1024K, 0 young (0K), 0 survivors (0K)
 Metaspace       used 67065K, committed 67776K, reserved 1114112K
  class space    used 9787K, committed 10112K, reserved 1048576K
}
Event: 23.821 GC heap before
{Heap before GC invocations=18 (full 1):
 garbage-first heap   total reserved 2011136K, committed 61440K, used 49805K [0x0000000085400000, 0x0000000100000000)
  region size 1024K, 24 young (24576K), 0 survivors (0K)
 Metaspace       used 67078K, committed 67776K, reserved 1114112K
  class space    used 9791K, committed 10112K, reserved 1048576K
}
Event: 23.825 GC heap after
{Heap after GC invocations=19 (full 1):
 garbage-first heap   total reserved 2011136K, committed 61440K, used 28639K [0x0000000085400000, 0x0000000100000000)
  region size 1024K, 3 young (3072K), 3 survivors (3072K)
 Metaspace       used 67078K, committed 67776K, reserved 1114112K
  class space    used 9791K, committed 10112K, reserved 1048576K
}
Event: 24.185 GC heap before
{Heap before GC invocations=20 (full 1):
 garbage-first heap   total reserved 2011136K, committed 61440K, used 50143K [0x0000000085400000, 0x0000000100000000)
  region size 1024K, 25 young (25600K), 3 survivors (3072K)
 Metaspace       used 67102K, committed 67840K, reserved 1114112K
  class space    used 9792K, committed 10112K, reserved 1048576K
}
Event: 24.191 GC heap after
{Heap after GC invocations=21 (full 1):
 garbage-first heap   total reserved 2011136K, committed 61440K, used 30212K [0x0000000085400000, 0x0000000100000000)
  region size 1024K, 2 young (2048K), 2 survivors (2048K)
 Metaspace       used 67102K, committed 67840K, reserved 1114112K
  class space    used 9792K, committed 10112K, reserved 1048576K
}
Event: 25.765 GC heap before
{Heap before GC invocations=21 (full 1):
 garbage-first heap   total reserved 2011136K, committed 61440K, used 44548K [0x0000000085400000, 0x0000000100000000)
  region size 1024K, 18 young (18432K), 2 survivors (2048K)
 Metaspace       used 67180K, committed 67904K, reserved 1114112K
  class space    used 9798K, committed 10112K, reserved 1048576K
}
Event: 25.819 GC heap after
{Heap after GC invocations=22 (full 2):
 garbage-first heap   total reserved 2011136K, committed 61440K, used 26546K [0x0000000085400000, 0x0000000100000000)
  region size 1024K, 0 young (0K), 0 survivors (0K)
 Metaspace       used 67177K, committed 67904K, reserved 1114112K
  class space    used 9798K, committed 10112K, reserved 1048576K
}
Event: 26.122 GC heap before
{Heap before GC invocations=22 (full 2):
 garbage-first heap   total reserved 2011136K, committed 61440K, used 51122K [0x0000000085400000, 0x0000000100000000)
  region size 1024K, 25 young (25600K), 0 survivors (0K)
 Metaspace       used 67210K, committed 67968K, reserved 1114112K
  class space    used 9804K, committed 10176K, reserved 1048576K
}
Event: 26.124 GC heap after
{Heap after GC invocations=23 (full 2):
 garbage-first heap   total reserved 2011136K, committed 61440K, used 29052K [0x0000000085400000, 0x0000000100000000)
  region size 1024K, 3 young (3072K), 3 survivors (3072K)
 Metaspace       used 67210K, committed 67968K, reserved 1114112K
  class space    used 9804K, committed 10176K, reserved 1048576K
}
Event: 26.408 GC heap before
{Heap before GC invocations=23 (full 2):
 garbage-first heap   total reserved 2011136K, committed 61440K, used 50556K [0x0000000085400000, 0x0000000100000000)
  region size 1024K, 25 young (25600K), 3 survivors (3072K)
 Metaspace       used 67344K, committed 68096K, reserved 1114112K
  class space    used 9817K, committed 10176K, reserved 1048576K
}
Event: 26.410 GC heap after
{Heap after GC invocations=24 (full 2):
 garbage-first heap   total reserved 2011136K, committed 61440K, used 30431K [0x0000000085400000, 0x0000000100000000)
  region size 1024K, 2 young (2048K), 2 survivors (2048K)
 Metaspace       used 67344K, committed 68096K, reserved 1114112K
  class space    used 9817K, committed 10176K, reserved 1048576K
}
Event: 49.268 GC heap before
{Heap before GC invocations=24 (full 2):
 garbage-first heap   total reserved 2011136K, committed 61440K, used 51935K [0x0000000085400000, 0x0000000100000000)
  region size 1024K, 23 young (23552K), 2 survivors (2048K)
 Metaspace       used 67398K, committed 68160K, reserved 1114112K
  class space    used 9822K, committed 10176K, reserved 1048576K
}
Event: 49.270 GC heap after
{Heap after GC invocations=25 (full 2):
 garbage-first heap   total reserved 2011136K, committed 61440K, used 32103K [0x0000000085400000, 0x0000000100000000)
  region size 1024K, 3 young (3072K), 3 survivors (3072K)
 Metaspace       used 67398K, committed 68160K, reserved 1114112K
  class space    used 9822K, committed 10176K, reserved 1048576K
}

