# JRE version: OpenJDK Runtime Environment (23.0.1+11) (build 23.0.1+11-39)
# Java VM: OpenJDK 64-Bit Server VM (23.0.1+11-39, mixed mode, emulated-client, sharing, tiered, compressed oops, compressed class ptrs, g1 gc, linux-amd64)
GC Precious Log:
 CardTable entry size: 512
 Card Set container configuration: InlinePtr #cards 5 size 8 Array Of Cards #cards 10 size 36 Howl #buckets 4 coarsen threshold 1843 Howl Bitmap #cards 512 size 80 coarsen threshold 460 Card regions per heap region 1 cards per card region 2048
 CPUs: 8 total, 8 available
 Memory: 7849M
 Large Page Support: Disabled
 NUMA Support: Disabled
 Compressed Oops: Enabled (32-bit)
 Heap Region Size: 1M
 Heap Min Capacity: 8M
 Heap Initial Capacity: 124M
 Heap Max Capacity: 1964M
 Pre-touch: Disabled
 Parallel Workers: 8
 Concurrent Workers: 2
 Concurrent Refinement Workers: 8
 Periodic GC: Disabled
Heap:
 garbage-first heap   total reserved 2011136K, committed 66560K, used 34256K [0x0000000085400000, 0x0000000100000000)
  region size 1024K, 3 young (3072K), 2 survivors (2048K)
 Metaspace       used 73846K, committed 75008K, reserved 1114112K
  class space    used 10741K, committed 11200K, reserved 1048576K
GC Heap History (20 events):
Event: 5.684 GC heap before
{Heap before GC invocations=10 (full 0):
 garbage-first heap   total reserved 2011136K, committed 55296K, used 44524K [0x0000000085400000, 0x0000000100000000)
  region size 1024K, 25 young (25600K), 2 survivors (2048K)
 Metaspace       used 41848K, committed 42432K, reserved 1114112K
  class space    used 6023K, committed 6272K, reserved 1048576K
}
Event: 5.688 GC heap after
{Heap after GC invocations=11 (full 0):
 garbage-first heap   total reserved 2011136K, committed 55296K, used 23538K [0x0000000085400000, 0x0000000100000000)
  region size 1024K, 4 young (4096K), 4 survivors (4096K)
 Metaspace       used 41848K, committed 42432K, reserved 1114112K
  class space    used 6023K, committed 6272K, reserved 1048576K
}
Event: 6.797 GC heap before
{Heap before GC invocations=11 (full 0):
 garbage-first heap   total reserved 2011136K, committed 55296K, used 45042K [0x0000000085400000, 0x0000000100000000)
  region size 1024K, 25 young (25600K), 4 survivors (4096K)
 Metaspace       used 50129K, committed 50816K, reserved 1114112K
  class space    used 7139K, committed 7424K, reserved 1048576K
}
Event: 6.810 GC heap after
{Heap after GC invocations=12 (full 0):
 garbage-first heap   total reserved 2011136K, committed 55296K, used 25723K [0x0000000085400000, 0x0000000100000000)
  region size 1024K, 4 young (4096K), 4 survivors (4096K)
 Metaspace       used 50129K, committed 50816K, reserved 1114112K
  class space    used 7139K, committed 7424K, reserved 1048576K
}
Event: 7.409 GC heap before
{Heap before GC invocations=12 (full 0):
 garbage-first heap   total reserved 2011136K, committed 55296K, used 45179K [0x0000000085400000, 0x0000000100000000)
  region size 1024K, 24 young (24576K), 4 survivors (4096K)
 Metaspace       used 56238K, committed 56832K, reserved 1114112K
  class space    used 8033K, committed 8256K, reserved 1048576K
}
Event: 7.414 GC heap after
{Heap after GC invocations=13 (full 0):
 garbage-first heap   total reserved 2011136K, committed 55296K, used 27213K [0x0000000085400000, 0x0000000100000000)
  region size 1024K, 2 young (2048K), 2 survivors (2048K)
 Metaspace       used 56238K, committed 56832K, reserved 1114112K
  class space    used 8033K, committed 8256K, reserved 1048576K
}
Event: 7.780 GC heap before
{Heap before GC invocations=13 (full 0):
 garbage-first heap   total reserved 2011136K, committed 55296K, used 43597K [0x0000000085400000, 0x0000000100000000)
  region size 1024K, 19 young (19456K), 2 survivors (2048K)
 Metaspace       used 60319K, committed 60928K, reserved 1114112K
  class space    used 8752K, committed 9024K, reserved 1048576K
}
Event: 7.783 GC heap after
{Heap after GC invocations=14 (full 0):
 garbage-first heap   total reserved 2011136K, committed 55296K, used 27666K [0x0000000085400000, 0x0000000100000000)
  region size 1024K, 2 young (2048K), 2 survivors (2048K)
 Metaspace       used 60319K, committed 60928K, reserved 1114112K
  class space    used 8752K, committed 9024K, reserved 1048576K
}
Event: 8.222 GC heap before
{Heap before GC invocations=15 (full 0):
 garbage-first heap   total reserved 2011136K, committed 55296K, used 48146K [0x0000000085400000, 0x0000000100000000)
  region size 1024K, 22 young (22528K), 2 survivors (2048K)
 Metaspace       used 63985K, committed 64704K, reserved 1114112K
  class space    used 9297K, committed 9600K, reserved 1048576K
}
Event: 8.226 GC heap after
{Heap after GC invocations=16 (full 0):
 garbage-first heap   total reserved 2011136K, committed 55296K, used 29664K [0x0000000085400000, 0x0000000100000000)
  region size 1024K, 3 young (3072K), 3 survivors (3072K)
 Metaspace       used 63985K, committed 64704K, reserved 1114112K
  class space    used 9297K, committed 9600K, reserved 1048576K
}
Event: 8.571 GC heap before
{Heap before GC invocations=16 (full 0):
 garbage-first heap   total reserved 2011136K, committed 55296K, used 47072K [0x0000000085400000, 0x0000000100000000)
  region size 1024K, 20 young (20480K), 3 survivors (3072K)
 Metaspace       used 65888K, committed 66624K, reserved 1114112K
  class space    used 9587K, committed 9920K, reserved 1048576K
}
Event: 8.576 GC heap after
{Heap after GC invocations=17 (full 0):
 garbage-first heap   total reserved 2011136K, committed 55296K, used 31153K [0x0000000085400000, 0x0000000100000000)
  region size 1024K, 3 young (3072K), 3 survivors (3072K)
 Metaspace       used 65888K, committed 66624K, reserved 1114112K
  class space    used 9587K, committed 9920K, reserved 1048576K
}
Event: 8.835 GC heap before
{Heap before GC invocations=17 (full 0):
 garbage-first heap   total reserved 2011136K, committed 55296K, used 46513K [0x0000000085400000, 0x0000000100000000)
  region size 1024K, 18 young (18432K), 3 survivors (3072K)
 Metaspace       used 67486K, committed 68288K, reserved 1114112K
  class space    used 9833K, committed 10176K, reserved 1048576K
}
Event: 8.839 GC heap after
{Heap after GC invocations=18 (full 0):
 garbage-first heap   total reserved 2011136K, committed 66560K, used 32995K [0x0000000085400000, 0x0000000100000000)
  region size 1024K, 2 young (2048K), 2 survivors (2048K)
 Metaspace       used 67486K, committed 68288K, reserved 1114112K
  class space    used 9833K, committed 10176K, reserved 1048576K
}
Event: 15.135 GC heap before
{Heap before GC invocations=19 (full 0):
 garbage-first heap   total reserved 2011136K, committed 66560K, used 57571K [0x0000000085400000, 0x0000000100000000)
  region size 1024K, 27 young (27648K), 2 survivors (2048K)
 Metaspace       used 72950K, committed 73728K, reserved 1114112K
  class space    used 10645K, committed 11008K, reserved 1048576K
}
Event: 15.141 GC heap after
{Heap after GC invocations=20 (full 0):
 garbage-first heap   total reserved 2011136K, committed 66560K, used 34319K [0x0000000085400000, 0x0000000100000000)
  region size 1024K, 4 young (4096K), 4 survivors (4096K)
 Metaspace       used 72950K, committed 73728K, reserved 1114112K
  class space    used 10645K, committed 11008K, reserved 1048576K
}
Event: 218.360 GC heap before
{Heap before GC invocations=20 (full 0):
 garbage-first heap   total reserved 2011136K, committed 66560K, used 56847K [0x0000000085400000, 0x0000000100000000)
  region size 1024K, 26 young (26624K), 4 survivors (4096K)
 Metaspace       used 74169K, committed 75008K, reserved 1114112K
  class space    used 10834K, committed 11200K, reserved 1048576K
}
Event: 218.374 GC heap after
{Heap after GC invocations=21 (full 0):
 garbage-first heap   total reserved 2011136K, committed 66560K, used 34533K [0x0000000085400000, 0x0000000100000000)
  region size 1024K, 2 young (2048K), 2 survivors (2048K)
 Metaspace       used 74169K, committed 75008K, reserved 1114112K
  class space    used 10834K, committed 11200K, reserved 1048576K
}
Event: 575.723 GC heap before
{Heap before GC invocations=21 (full 0):
 garbage-first heap   total reserved 2011136K, committed 66560K, used 60133K [0x0000000085400000, 0x0000000100000000)
  region size 1024K, 27 young (27648K), 2 survivors (2048K)
 Metaspace       used 74169K, committed 75008K, reserved 1114112K
  class space    used 10834K, committed 11200K, reserved 1048576K
}
Event: 575.730 GC heap after
{Heap after GC invocations=22 (full 0):
 garbage-first heap   total reserved 2011136K, committed 66560K, used 34256K [0x0000000085400000, 0x0000000100000000)
  region size 1024K, 2 young (2048K), 2 survivors (2048K)
 Metaspace       used 74169K, committed 75008K, reserved 1114112K
  class space    used 10834K, committed 11200K, reserved 1048576K
}

