# JRE version: OpenJDK Runtime Environment (23.0.1+11) (build 23.0.1+11-39)
# Java VM: OpenJDK 64-Bit Server VM (23.0.1+11-39, mixed mode, emulated-client, sharing, tiered, compressed oops, compressed class ptrs, g1 gc, linux-amd64)
GC Precious Log:
 CardTable entry size: 512
 Card Set container configuration: InlinePtr #cards 5 size 8 Array Of Cards #cards 10 size 36 Howl #buckets 4 coarsen threshold 1843 Howl Bitmap #cards 512 size 80 coarsen threshold 460 Card regions per heap region 1 cards per card region 2048
 CPUs: 8 total, 8 available
 Memory: 7849M
 Large Page Support: Disabled
 NUMA Support: Disabled
 Compressed Oops: Enabled (32-bit)
 Heap Region Size: 1M
 Heap Min Capacity: 8M
 Heap Initial Capacity: 124M
 Heap Max Capacity: 1964M
 Pre-touch: Disabled
 Parallel Workers: 8
 Concurrent Workers: 2
 Concurrent Refinement Workers: 8
 Periodic GC: Disabled
Heap:
 garbage-first heap   total reserved 2011136K, committed 65536K, used 38865K [0x0000000085400000, 0x0000000100000000)
  region size 1024K, 7 young (7168K), 1 survivors (1024K)
 Metaspace       used 77748K, committed 78464K, reserved 1179648K
  class space    used 11506K, committed 11840K, reserved 1048576K
GC Heap History (20 events):
Event: 9.237 GC heap before
{Heap before GC invocations=16 (full 0):
 garbage-first heap   total reserved 2011136K, committed 61440K, used 52933K [0x0000000085400000, 0x0000000100000000)
  region size 1024K, 26 young (26624K), 4 survivors (4096K)
 Metaspace       used 67977K, committed 68608K, reserved 1114112K
  class space    used 10096K, committed 10368K, reserved 1048576K
}
Event: 9.245 GC heap after
{Heap after GC invocations=17 (full 0):
 garbage-first heap   total reserved 2011136K, committed 61440K, used 32216K [0x0000000085400000, 0x0000000100000000)
  region size 1024K, 3 young (3072K), 3 survivors (3072K)
 Metaspace       used 67977K, committed 68608K, reserved 1114112K
  class space    used 10096K, committed 10368K, reserved 1048576K
}
Event: 9.715 GC heap before
{Heap before GC invocations=17 (full 0):
 garbage-first heap   total reserved 2011136K, committed 61440K, used 52696K [0x0000000085400000, 0x0000000100000000)
  region size 1024K, 24 young (24576K), 3 survivors (3072K)
 Metaspace       used 70870K, committed 71616K, reserved 1114112K
  class space    used 10512K, committed 10880K, reserved 1048576K
}
Event: 9.721 GC heap after
{Heap after GC invocations=18 (full 0):
 garbage-first heap   total reserved 2011136K, committed 61440K, used 34604K [0x0000000085400000, 0x0000000100000000)
  region size 1024K, 3 young (3072K), 3 survivors (3072K)
 Metaspace       used 70870K, committed 71616K, reserved 1114112K
  class space    used 10512K, committed 10880K, reserved 1048576K
}
Event: 19.626 GC heap before
{Heap before GC invocations=19 (full 0):
 garbage-first heap   total reserved 2011136K, committed 61440K, used 54060K [0x0000000085400000, 0x0000000100000000)
  region size 1024K, 22 young (22528K), 3 survivors (3072K)
 Metaspace       used 73603K, committed 74368K, reserved 1114112K
  class space    used 10924K, committed 11264K, reserved 1048576K
}
Event: 19.631 GC heap after
{Heap after GC invocations=20 (full 0):
 garbage-first heap   total reserved 2011136K, committed 61440K, used 36424K [0x0000000085400000, 0x0000000100000000)
  region size 1024K, 2 young (2048K), 2 survivors (2048K)
 Metaspace       used 73603K, committed 74368K, reserved 1114112K
  class space    used 10924K, committed 11264K, reserved 1048576K
}
Event: 46.409 GC heap before
{Heap before GC invocations=20 (full 0):
 garbage-first heap   total reserved 2011136K, committed 61440K, used 54856K [0x0000000085400000, 0x0000000100000000)
  region size 1024K, 21 young (21504K), 2 survivors (2048K)
 Metaspace       used 77332K, committed 78144K, reserved 1179648K
  class space    used 11461K, committed 11840K, reserved 1048576K
}
Event: 46.422 GC heap after
{Heap after GC invocations=21 (full 0):
 garbage-first heap   total reserved 2011136K, committed 61440K, used 37147K [0x0000000085400000, 0x0000000100000000)
  region size 1024K, 2 young (2048K), 2 survivors (2048K)
 Metaspace       used 77332K, committed 78144K, reserved 1179648K
  class space    used 11461K, committed 11840K, reserved 1048576K
}
Event: 241.572 GC heap before
{Heap before GC invocations=21 (full 0):
 garbage-first heap   total reserved 2011136K, committed 61440K, used 53531K [0x0000000085400000, 0x0000000100000000)
  region size 1024K, 19 young (19456K), 2 survivors (2048K)
 Metaspace       used 77561K, committed 78336K, reserved 1179648K
  class space    used 11497K, committed 11840K, reserved 1048576K
}
Event: 241.581 GC heap after
{Heap after GC invocations=22 (full 0):
 garbage-first heap   total reserved 2011136K, committed 61440K, used 37325K [0x0000000085400000, 0x0000000100000000)
  region size 1024K, 2 young (2048K), 2 survivors (2048K)
 Metaspace       used 77561K, committed 78336K, reserved 1179648K
  class space    used 11497K, committed 11840K, reserved 1048576K
}
Event: 359.080 GC heap before
{Heap before GC invocations=23 (full 0):
 garbage-first heap   total reserved 2011136K, committed 65536K, used 53709K [0x0000000085400000, 0x0000000100000000)
  region size 1024K, 18 young (18432K), 2 survivors (2048K)
 Metaspace       used 77724K, committed 78464K, reserved 1179648K
  class space    used 11500K, committed 11840K, reserved 1048576K
}
Event: 359.089 GC heap after
{Heap after GC invocations=24 (full 0):
 garbage-first heap   total reserved 2011136K, committed 65536K, used 37905K [0x0000000085400000, 0x0000000100000000)
  region size 1024K, 2 young (2048K), 2 survivors (2048K)
 Metaspace       used 77724K, committed 78464K, reserved 1179648K
  class space    used 11500K, committed 11840K, reserved 1048576K
}
Event: 623.532 GC heap before
{Heap before GC invocations=24 (full 0):
 garbage-first heap   total reserved 2011136K, committed 65536K, used 58385K [0x0000000085400000, 0x0000000100000000)
  region size 1024K, 22 young (22528K), 2 survivors (2048K)
 Metaspace       used 77724K, committed 78464K, reserved 1179648K
  class space    used 11500K, committed 11840K, reserved 1048576K
}
Event: 623.552 GC heap after
{Heap after GC invocations=25 (full 0):
 garbage-first heap   total reserved 2011136K, committed 65536K, used 35043K [0x0000000085400000, 0x0000000100000000)
  region size 1024K, 1 young (1024K), 1 survivors (1024K)
 Metaspace       used 77724K, committed 78464K, reserved 1179648K
  class space    used 11500K, committed 11840K, reserved 1048576K
}
Event: 908.303 GC heap before
{Heap before GC invocations=25 (full 0):
 garbage-first heap   total reserved 2011136K, committed 65536K, used 59619K [0x0000000085400000, 0x0000000100000000)
  region size 1024K, 25 young (25600K), 1 survivors (1024K)
 Metaspace       used 77756K, committed 78464K, reserved 1179648K
  class space    used 11508K, committed 11840K, reserved 1048576K
}
Event: 908.311 GC heap after
{Heap after GC invocations=26 (full 0):
 garbage-first heap   total reserved 2011136K, committed 65536K, used 33725K [0x0000000085400000, 0x0000000100000000)
  region size 1024K, 1 young (1024K), 1 survivors (1024K)
 Metaspace       used 77756K, committed 78464K, reserved 1179648K
  class space    used 11508K, committed 11840K, reserved 1048576K
}
Event: 1265.122 GC heap before
{Heap before GC invocations=26 (full 0):
 garbage-first heap   total reserved 2011136K, committed 65536K, used 59325K [0x0000000085400000, 0x0000000100000000)
  region size 1024K, 26 young (26624K), 1 survivors (1024K)
 Metaspace       used 77756K, committed 78464K, reserved 1179648K
  class space    used 11508K, committed 11840K, reserved 1048576K
}
Event: 1265.145 GC heap after
{Heap after GC invocations=27 (full 0):
 garbage-first heap   total reserved 2011136K, committed 65536K, used 33535K [0x0000000085400000, 0x0000000100000000)
  region size 1024K, 1 young (1024K), 1 survivors (1024K)
 Metaspace       used 77756K, committed 78464K, reserved 1179648K
  class space    used 11508K, committed 11840K, reserved 1048576K
}
Event: 1610.001 GC heap before
{Heap before GC invocations=28 (full 0):
 garbage-first heap   total reserved 2011136K, committed 65536K, used 59135K [0x0000000085400000, 0x0000000100000000)
  region size 1024K, 26 young (26624K), 1 survivors (1024K)
 Metaspace       used 77748K, committed 78464K, reserved 1179648K
  class space    used 11506K, committed 11840K, reserved 1048576K
}
Event: 1610.004 GC heap after
{Heap after GC invocations=29 (full 0):
 garbage-first heap   total reserved 2011136K, committed 65536K, used 33745K [0x0000000085400000, 0x0000000100000000)
  region size 1024K, 1 young (1024K), 1 survivors (1024K)
 Metaspace       used 77748K, committed 78464K, reserved 1179648K
  class space    used 11506K, committed 11840K, reserved 1048576K
}

